-------------------------------------------------------------------------------
Test set: se.su.it.itslearning.integration.wsclient.PersonproxyTest
-------------------------------------------------------------------------------
Tests run: 4, Failures: 0, Errors: 4, Skipped: 0, Time elapsed: 1.166 sec <<< FAILURE!
testCreatePerson(se.su.it.itslearning.integration.wsclient.PersonproxyTest)  Time elapsed: 1.02 sec  <<< ERROR!
org.apache.cxf.ws.policy.PolicyException: None of the policy alternatives can be satisfied.
	at org.apache.cxf.ws.policy.EndpointPolicyImpl.chooseAlternative(EndpointPolicyImpl.java:172)
	at org.apache.cxf.ws.policy.EndpointPolicyImpl.finalizeConfig(EndpointPolicyImpl.java:146)
	at org.apache.cxf.ws.policy.EndpointPolicyImpl.initialize(EndpointPolicyImpl.java:142)
	at org.apache.cxf.ws.policy.PolicyEngineImpl.createEndpointPolicyInfo(PolicyEngineImpl.java:604)
	at org.apache.cxf.ws.policy.PolicyEngineImpl.getEndpointPolicy(PolicyEngineImpl.java:316)
	at org.apache.cxf.ws.policy.PolicyEngineImpl.getClientEndpointPolicy(PolicyEngineImpl.java:303)
	at org.apache.cxf.ws.policy.PolicyDataEngineImpl.getClientEndpointPolicy(PolicyDataEngineImpl.java:61)
	at org.apache.cxf.transport.http.HTTPConduit.updateClientPolicy(HTTPConduit.java:325)
	at org.apache.cxf.transport.http.HTTPConduit.updateClientPolicy(HTTPConduit.java:345)
	at org.apache.cxf.transport.http.HTTPConduit.getClient(HTTPConduit.java:880)
	at org.apache.cxf.transport.http.HTTPConduit.configureConduitFromEndpointInfo(HTTPConduit.java:367)
	at org.apache.cxf.transport.http.HTTPConduit.finalizeConfig(HTTPConduit.java:447)
	at org.apache.cxf.transport.http.HTTPTransportFactory.getConduit(HTTPTransportFactory.java:242)
	at org.apache.cxf.binding.soap.SoapTransportFactory.getConduit(SoapTransportFactory.java:226)
	at org.apache.cxf.binding.soap.SoapTransportFactory.getConduit(SoapTransportFactory.java:233)
	at org.apache.cxf.endpoint.AbstractConduitSelector.createConduit(AbstractConduitSelector.java:145)
	at org.apache.cxf.endpoint.AbstractConduitSelector.getSelectedConduit(AbstractConduitSelector.java:107)
	at org.apache.cxf.endpoint.UpfrontConduitSelector.selectConduit(UpfrontConduitSelector.java:77)
	at org.apache.cxf.endpoint.ClientImpl.getConduit(ClientImpl.java:857)
	at se.su.it.itslearning.integration.wsclient.util.CxfClient.configureConduit(CxfClient.java:59)
	at se.su.it.itslearning.integration.wsclient.util.CxfClient.configure(CxfClient.java:43)
	at se.su.it.itslearning.integration.wsclient.util.CxfClient.getPersonManagementServiceSync(CxfClient.java:32)
	at se.su.it.itslearning.integration.wsclient.PersonproxyTest.testCreatePerson(PersonproxyTest.java:38)

testDeletePerson(se.su.it.itslearning.integration.wsclient.PersonproxyTest)  Time elapsed: 0.03 sec  <<< ERROR!
org.apache.cxf.ws.policy.PolicyException: None of the policy alternatives can be satisfied.
	at org.apache.cxf.ws.policy.EndpointPolicyImpl.chooseAlternative(EndpointPolicyImpl.java:172)
	at org.apache.cxf.ws.policy.EndpointPolicyImpl.finalizeConfig(EndpointPolicyImpl.java:146)
	at org.apache.cxf.ws.policy.EndpointPolicyImpl.initialize(EndpointPolicyImpl.java:142)
	at org.apache.cxf.ws.policy.PolicyEngineImpl.createEndpointPolicyInfo(PolicyEngineImpl.java:604)
	at org.apache.cxf.ws.policy.PolicyEngineImpl.getEndpointPolicy(PolicyEngineImpl.java:316)
	at org.apache.cxf.ws.policy.PolicyEngineImpl.getClientEndpointPolicy(PolicyEngineImpl.java:303)
	at org.apache.cxf.ws.policy.PolicyDataEngineImpl.getClientEndpointPolicy(PolicyDataEngineImpl.java:61)
	at org.apache.cxf.transport.http.HTTPConduit.updateClientPolicy(HTTPConduit.java:325)
	at org.apache.cxf.transport.http.HTTPConduit.updateClientPolicy(HTTPConduit.java:345)
	at org.apache.cxf.transport.http.HTTPConduit.getClient(HTTPConduit.java:880)
	at org.apache.cxf.transport.http.HTTPConduit.configureConduitFromEndpointInfo(HTTPConduit.java:367)
	at org.apache.cxf.transport.http.HTTPConduit.finalizeConfig(HTTPConduit.java:447)
	at org.apache.cxf.transport.http.HTTPTransportFactory.getConduit(HTTPTransportFactory.java:242)
	at org.apache.cxf.binding.soap.SoapTransportFactory.getConduit(SoapTransportFactory.java:226)
	at org.apache.cxf.binding.soap.SoapTransportFactory.getConduit(SoapTransportFactory.java:233)
	at org.apache.cxf.endpoint.AbstractConduitSelector.createConduit(AbstractConduitSelector.java:145)
	at org.apache.cxf.endpoint.AbstractConduitSelector.getSelectedConduit(AbstractConduitSelector.java:107)
	at org.apache.cxf.endpoint.UpfrontConduitSelector.selectConduit(UpfrontConduitSelector.java:77)
	at org.apache.cxf.endpoint.ClientImpl.getConduit(ClientImpl.java:857)
	at se.su.it.itslearning.integration.wsclient.util.CxfClient.configureConduit(CxfClient.java:59)
	at se.su.it.itslearning.integration.wsclient.util.CxfClient.configure(CxfClient.java:43)
	at se.su.it.itslearning.integration.wsclient.util.CxfClient.getPersonManagementServiceSync(CxfClient.java:32)
	at se.su.it.itslearning.integration.wsclient.PersonproxyTest.testDeletePerson(PersonproxyTest.java:58)

testReadAllPersons(se.su.it.itslearning.integration.wsclient.PersonproxyTest)  Time elapsed: 0.084 sec  <<< ERROR!
org.apache.cxf.ws.policy.PolicyException: None of the policy alternatives can be satisfied.
	at org.apache.cxf.ws.policy.EndpointPolicyImpl.chooseAlternative(EndpointPolicyImpl.java:172)
	at org.apache.cxf.ws.policy.EndpointPolicyImpl.finalizeConfig(EndpointPolicyImpl.java:146)
	at org.apache.cxf.ws.policy.EndpointPolicyImpl.initialize(EndpointPolicyImpl.java:142)
	at org.apache.cxf.ws.policy.PolicyEngineImpl.createEndpointPolicyInfo(PolicyEngineImpl.java:604)
	at org.apache.cxf.ws.policy.PolicyEngineImpl.getEndpointPolicy(PolicyEngineImpl.java:316)
	at org.apache.cxf.ws.policy.PolicyEngineImpl.getClientEndpointPolicy(PolicyEngineImpl.java:303)
	at org.apache.cxf.ws.policy.PolicyDataEngineImpl.getClientEndpointPolicy(PolicyDataEngineImpl.java:61)
	at org.apache.cxf.transport.http.HTTPConduit.updateClientPolicy(HTTPConduit.java:325)
	at org.apache.cxf.transport.http.HTTPConduit.updateClientPolicy(HTTPConduit.java:345)
	at org.apache.cxf.transport.http.HTTPConduit.getClient(HTTPConduit.java:880)
	at org.apache.cxf.transport.http.HTTPConduit.configureConduitFromEndpointInfo(HTTPConduit.java:367)
	at org.apache.cxf.transport.http.HTTPConduit.finalizeConfig(HTTPConduit.java:447)
	at org.apache.cxf.transport.http.HTTPTransportFactory.getConduit(HTTPTransportFactory.java:242)
	at org.apache.cxf.binding.soap.SoapTransportFactory.getConduit(SoapTransportFactory.java:226)
	at org.apache.cxf.binding.soap.SoapTransportFactory.getConduit(SoapTransportFactory.java:233)
	at org.apache.cxf.endpoint.AbstractConduitSelector.createConduit(AbstractConduitSelector.java:145)
	at org.apache.cxf.endpoint.AbstractConduitSelector.getSelectedConduit(AbstractConduitSelector.java:107)
	at org.apache.cxf.endpoint.UpfrontConduitSelector.selectConduit(UpfrontConduitSelector.java:77)
	at org.apache.cxf.endpoint.ClientImpl.getConduit(ClientImpl.java:857)
	at se.su.it.itslearning.integration.wsclient.util.CxfClient.configureConduit(CxfClient.java:59)
	at se.su.it.itslearning.integration.wsclient.util.CxfClient.configure(CxfClient.java:43)
	at se.su.it.itslearning.integration.wsclient.util.CxfClient.getExtendedPersonManagementServiceSync(CxfClient.java:54)
	at se.su.it.itslearning.integration.wsclient.PersonproxyTest.testReadAllPersons(PersonproxyTest.java:72)

testX(se.su.it.itslearning.integration.wsclient.PersonproxyTest)  Time elapsed: 0.03 sec  <<< ERROR!
org.apache.cxf.ws.policy.PolicyException: None of the policy alternatives can be satisfied.
	at org.apache.cxf.ws.policy.EndpointPolicyImpl.chooseAlternative(EndpointPolicyImpl.java:172)
	at org.apache.cxf.ws.policy.EndpointPolicyImpl.finalizeConfig(EndpointPolicyImpl.java:146)
	at org.apache.cxf.ws.policy.EndpointPolicyImpl.initialize(EndpointPolicyImpl.java:142)
	at org.apache.cxf.ws.policy.PolicyEngineImpl.createEndpointPolicyInfo(PolicyEngineImpl.java:604)
	at org.apache.cxf.ws.policy.PolicyEngineImpl.getEndpointPolicy(PolicyEngineImpl.java:316)
	at org.apache.cxf.ws.policy.PolicyEngineImpl.getClientEndpointPolicy(PolicyEngineImpl.java:303)
	at org.apache.cxf.ws.policy.PolicyDataEngineImpl.getClientEndpointPolicy(PolicyDataEngineImpl.java:61)
	at org.apache.cxf.transport.http.HTTPConduit.updateClientPolicy(HTTPConduit.java:325)
	at org.apache.cxf.transport.http.HTTPConduit.updateClientPolicy(HTTPConduit.java:345)
	at org.apache.cxf.transport.http.HTTPConduit.getClient(HTTPConduit.java:880)
	at org.apache.cxf.transport.http.HTTPConduit.configureConduitFromEndpointInfo(HTTPConduit.java:367)
	at org.apache.cxf.transport.http.HTTPConduit.finalizeConfig(HTTPConduit.java:447)
	at org.apache.cxf.transport.http.HTTPTransportFactory.getConduit(HTTPTransportFactory.java:242)
	at org.apache.cxf.binding.soap.SoapTransportFactory.getConduit(SoapTransportFactory.java:226)
	at org.apache.cxf.binding.soap.SoapTransportFactory.getConduit(SoapTransportFactory.java:233)
	at org.apache.cxf.endpoint.AbstractConduitSelector.createConduit(AbstractConduitSelector.java:145)
	at org.apache.cxf.endpoint.AbstractConduitSelector.getSelectedConduit(AbstractConduitSelector.java:107)
	at org.apache.cxf.endpoint.UpfrontConduitSelector.selectConduit(UpfrontConduitSelector.java:77)
	at org.apache.cxf.endpoint.ClientImpl.getConduit(ClientImpl.java:857)
	at se.su.it.itslearning.integration.wsclient.util.CxfClient.configureConduit(CxfClient.java:59)
	at se.su.it.itslearning.integration.wsclient.util.CxfClient.configure(CxfClient.java:43)
	at se.su.it.itslearning.integration.wsclient.util.CxfClient.getPersonManagementServiceSync(CxfClient.java:32)
	at se.su.it.itslearning.integration.wsclient.PersonproxyTest.testX(PersonproxyTest.java:24)

