<?xml version="1.0" encoding="UTF-8" ?>
<testsuite tests="4" failures="0" name="se.su.it.itslearning.integration.wsclient.PersonproxyTest" time="1.164" errors="4" skipped="0">
  <properties>
[...]
</properties>
  <testcase classname="se.su.it.itslearning.integration.wsclient.PersonproxyTest" name="testCreatePerson" time="1.02">
    <error message="None of the policy alternatives can be satisfied." type="org.apache.cxf.ws.policy.PolicyException">org.apache.cxf.ws.policy.PolicyException: None of the policy alternatives can be satisfied.
	at org.apache.cxf.ws.policy.EndpointPolicyImpl.chooseAlternative(EndpointPolicyImpl.java:172)
	at org.apache.cxf.ws.policy.EndpointPolicyImpl.finalizeConfig(EndpointPolicyImpl.java:146)
	at org.apache.cxf.ws.policy.EndpointPolicyImpl.initialize(EndpointPolicyImpl.java:142)
	at org.apache.cxf.ws.policy.PolicyEngineImpl.createEndpointPolicyInfo(PolicyEngineImpl.java:604)
	at org.apache.cxf.ws.policy.PolicyEngineImpl.getEndpointPolicy(PolicyEngineImpl.java:316)
	at org.apache.cxf.ws.policy.PolicyEngineImpl.getClientEndpointPolicy(PolicyEngineImpl.java:303)
	at org.apache.cxf.ws.policy.PolicyDataEngineImpl.getClientEndpointPolicy(PolicyDataEngineImpl.java:61)
	at org.apache.cxf.transport.http.HTTPConduit.updateClientPolicy(HTTPConduit.java:325)
	at org.apache.cxf.transport.http.HTTPConduit.updateClientPolicy(HTTPConduit.java:345)
	at org.apache.cxf.transport.http.HTTPConduit.getClient(HTTPConduit.java:880)
	at org.apache.cxf.transport.http.HTTPConduit.configureConduitFromEndpointInfo(HTTPConduit.java:367)
	at org.apache.cxf.transport.http.HTTPConduit.finalizeConfig(HTTPConduit.java:447)
	at org.apache.cxf.transport.http.HTTPTransportFactory.getConduit(HTTPTransportFactory.java:242)
	at org.apache.cxf.binding.soap.SoapTransportFactory.getConduit(SoapTransportFactory.java:226)
	at org.apache.cxf.binding.soap.SoapTransportFactory.getConduit(SoapTransportFactory.java:233)
	at org.apache.cxf.endpoint.AbstractConduitSelector.createConduit(AbstractConduitSelector.java:145)
	at org.apache.cxf.endpoint.AbstractConduitSelector.getSelectedConduit(AbstractConduitSelector.java:107)
	at org.apache.cxf.endpoint.UpfrontConduitSelector.selectConduit(UpfrontConduitSelector.java:77)
	at org.apache.cxf.endpoint.ClientImpl.getConduit(ClientImpl.java:857)
	at se.su.it.itslearning.integration.wsclient.util.CxfClient.configureConduit(CxfClient.java:59)
	at se.su.it.itslearning.integration.wsclient.util.CxfClient.configure(CxfClient.java:43)
	at se.su.it.itslearning.integration.wsclient.util.CxfClient.getPersonManagementServiceSync(CxfClient.java:32)
	at se.su.it.itslearning.integration.wsclient.PersonproxyTest.testCreatePerson(PersonproxyTest.java:38)
</error>
    <system-err>aug 28, 2017 11:33:09 FM org.apache.cxf.wsdl.service.factory.ReflectionServiceFactoryBean buildServiceFromWSDL
INFO: Creating Service {http://www.imsglobal.org/services/pms/wsdl/imsPersonManAbstractSync_v1p0}PersonManagementServiceSync from WSDL: file:/Users/lhagr/IdeaProjects/itslearning/wsproxy/personproxy/src/main/resources/PersonManagementServiceSync.svc.xml
aug 28, 2017 11:33:09 FM org.apache.cxf.ws.policy.AssertionBuilderRegistryImpl handleNoRegisteredBuilder
VARNING: No assertion builder for type {http://schemas.xmlsoap.org/ws/2005/07/securitypolicy}TransportBinding registered.
aug 28, 2017 11:33:09 FM org.apache.cxf.ws.policy.AssertionBuilderRegistryImpl handleNoRegisteredBuilder
VARNING: No assertion builder for type {http://schemas.xmlsoap.org/ws/2005/07/securitypolicy}TransportToken registered.
aug 28, 2017 11:33:09 FM org.apache.cxf.ws.policy.AssertionBuilderRegistryImpl handleNoRegisteredBuilder
VARNING: No assertion builder for type {http://schemas.xmlsoap.org/ws/2005/07/securitypolicy}HttpsToken registered.
aug 28, 2017 11:33:09 FM org.apache.cxf.ws.policy.AssertionBuilderRegistryImpl handleNoRegisteredBuilder
VARNING: No assertion builder for type {http://schemas.xmlsoap.org/ws/2005/07/securitypolicy}AlgorithmSuite registered.
aug 28, 2017 11:33:09 FM org.apache.cxf.ws.policy.AssertionBuilderRegistryImpl handleNoRegisteredBuilder
VARNING: No assertion builder for type {http://schemas.xmlsoap.org/ws/2005/07/securitypolicy}Basic256 registered.
aug 28, 2017 11:33:09 FM org.apache.cxf.ws.policy.AssertionBuilderRegistryImpl handleNoRegisteredBuilder
VARNING: No assertion builder for type {http://schemas.xmlsoap.org/ws/2005/07/securitypolicy}Layout registered.
aug 28, 2017 11:33:09 FM org.apache.cxf.ws.policy.AssertionBuilderRegistryImpl handleNoRegisteredBuilder
VARNING: No assertion builder for type {http://schemas.xmlsoap.org/ws/2005/07/securitypolicy}Lax registered.
aug 28, 2017 11:33:09 FM org.apache.cxf.ws.policy.AssertionBuilderRegistryImpl handleNoRegisteredBuilder
VARNING: No assertion builder for type {http://schemas.xmlsoap.org/ws/2005/07/securitypolicy}IncludeTimestamp registered.
aug 28, 2017 11:33:09 FM org.apache.cxf.ws.policy.AssertionBuilderRegistryImpl handleNoRegisteredBuilder
VARNING: No assertion builder for type {http://schemas.xmlsoap.org/ws/2005/07/securitypolicy}SignedSupportingTokens registered.
aug 28, 2017 11:33:09 FM org.apache.cxf.ws.policy.AssertionBuilderRegistryImpl handleNoRegisteredBuilder
VARNING: No assertion builder for type {http://schemas.xmlsoap.org/ws/2005/07/securitypolicy}UsernameToken registered.
aug 28, 2017 11:33:09 FM org.apache.cxf.ws.policy.AssertionBuilderRegistryImpl handleNoRegisteredBuilder
VARNING: No assertion builder for type {http://schemas.xmlsoap.org/ws/2005/07/securitypolicy}WssUsernameToken10 registered.
aug 28, 2017 11:33:09 FM org.apache.cxf.ws.policy.AssertionBuilderRegistryImpl handleNoRegisteredBuilder
VARNING: No assertion builder for type {http://schemas.xmlsoap.org/ws/2005/07/securitypolicy}Wss10 registered.
</system-err>
  </testcase>
  <testcase classname="se.su.it.itslearning.integration.wsclient.PersonproxyTest" name="testDeletePerson" time="0.03">
    <error message="None of the policy alternatives can be satisfied." type="org.apache.cxf.ws.policy.PolicyException">org.apache.cxf.ws.policy.PolicyException: None of the policy alternatives can be satisfied.
	at org.apache.cxf.ws.policy.EndpointPolicyImpl.chooseAlternative(EndpointPolicyImpl.java:172)
	at org.apache.cxf.ws.policy.EndpointPolicyImpl.finalizeConfig(EndpointPolicyImpl.java:146)
	at org.apache.cxf.ws.policy.EndpointPolicyImpl.initialize(EndpointPolicyImpl.java:142)
	at org.apache.cxf.ws.policy.PolicyEngineImpl.createEndpointPolicyInfo(PolicyEngineImpl.java:604)
	at org.apache.cxf.ws.policy.PolicyEngineImpl.getEndpointPolicy(PolicyEngineImpl.java:316)
	at org.apache.cxf.ws.policy.PolicyEngineImpl.getClientEndpointPolicy(PolicyEngineImpl.java:303)
	at org.apache.cxf.ws.policy.PolicyDataEngineImpl.getClientEndpointPolicy(PolicyDataEngineImpl.java:61)
	at org.apache.cxf.transport.http.HTTPConduit.updateClientPolicy(HTTPConduit.java:325)
	at org.apache.cxf.transport.http.HTTPConduit.updateClientPolicy(HTTPConduit.java:345)
	at org.apache.cxf.transport.http.HTTPConduit.getClient(HTTPConduit.java:880)
	at org.apache.cxf.transport.http.HTTPConduit.configureConduitFromEndpointInfo(HTTPConduit.java:367)
	at org.apache.cxf.transport.http.HTTPConduit.finalizeConfig(HTTPConduit.java:447)
	at org.apache.cxf.transport.http.HTTPTransportFactory.getConduit(HTTPTransportFactory.java:242)
	at org.apache.cxf.binding.soap.SoapTransportFactory.getConduit(SoapTransportFactory.java:226)
	at org.apache.cxf.binding.soap.SoapTransportFactory.getConduit(SoapTransportFactory.java:233)
	at org.apache.cxf.endpoint.AbstractConduitSelector.createConduit(AbstractConduitSelector.java:145)
	at org.apache.cxf.endpoint.AbstractConduitSelector.getSelectedConduit(AbstractConduitSelector.java:107)
	at org.apache.cxf.endpoint.UpfrontConduitSelector.selectConduit(UpfrontConduitSelector.java:77)
	at org.apache.cxf.endpoint.ClientImpl.getConduit(ClientImpl.java:857)
	at se.su.it.itslearning.integration.wsclient.util.CxfClient.configureConduit(CxfClient.java:59)
	at se.su.it.itslearning.integration.wsclient.util.CxfClient.configure(CxfClient.java:43)
	at se.su.it.itslearning.integration.wsclient.util.CxfClient.getPersonManagementServiceSync(CxfClient.java:32)
	at se.su.it.itslearning.integration.wsclient.PersonproxyTest.testDeletePerson(PersonproxyTest.java:58)
</error>
    <system-err>aug 28, 2017 11:33:10 FM org.apache.cxf.wsdl.service.factory.ReflectionServiceFactoryBean buildServiceFromWSDL
INFO: Creating Service {http://www.imsglobal.org/services/pms/wsdl/imsPersonManAbstractSync_v1p0}PersonManagementServiceSync from WSDL: file:/Users/lhagr/IdeaProjects/itslearning/wsproxy/personproxy/src/main/resources/PersonManagementServiceSync.svc.xml
</system-err>
  </testcase>
  <testcase classname="se.su.it.itslearning.integration.wsclient.PersonproxyTest" name="testReadAllPersons" time="0.084">
    <error message="None of the policy alternatives can be satisfied." type="org.apache.cxf.ws.policy.PolicyException">org.apache.cxf.ws.policy.PolicyException: None of the policy alternatives can be satisfied.
	at org.apache.cxf.ws.policy.EndpointPolicyImpl.chooseAlternative(EndpointPolicyImpl.java:172)
	at org.apache.cxf.ws.policy.EndpointPolicyImpl.finalizeConfig(EndpointPolicyImpl.java:146)
	at org.apache.cxf.ws.policy.EndpointPolicyImpl.initialize(EndpointPolicyImpl.java:142)
	at org.apache.cxf.ws.policy.PolicyEngineImpl.createEndpointPolicyInfo(PolicyEngineImpl.java:604)
	at org.apache.cxf.ws.policy.PolicyEngineImpl.getEndpointPolicy(PolicyEngineImpl.java:316)
	at org.apache.cxf.ws.policy.PolicyEngineImpl.getClientEndpointPolicy(PolicyEngineImpl.java:303)
	at org.apache.cxf.ws.policy.PolicyDataEngineImpl.getClientEndpointPolicy(PolicyDataEngineImpl.java:61)
	at org.apache.cxf.transport.http.HTTPConduit.updateClientPolicy(HTTPConduit.java:325)
	at org.apache.cxf.transport.http.HTTPConduit.updateClientPolicy(HTTPConduit.java:345)
	at org.apache.cxf.transport.http.HTTPConduit.getClient(HTTPConduit.java:880)
	at org.apache.cxf.transport.http.HTTPConduit.configureConduitFromEndpointInfo(HTTPConduit.java:367)
	at org.apache.cxf.transport.http.HTTPConduit.finalizeConfig(HTTPConduit.java:447)
	at org.apache.cxf.transport.http.HTTPTransportFactory.getConduit(HTTPTransportFactory.java:242)
	at org.apache.cxf.binding.soap.SoapTransportFactory.getConduit(SoapTransportFactory.java:226)
	at org.apache.cxf.binding.soap.SoapTransportFactory.getConduit(SoapTransportFactory.java:233)
	at org.apache.cxf.endpoint.AbstractConduitSelector.createConduit(AbstractConduitSelector.java:145)
	at org.apache.cxf.endpoint.AbstractConduitSelector.getSelectedConduit(AbstractConduitSelector.java:107)
	at org.apache.cxf.endpoint.UpfrontConduitSelector.selectConduit(UpfrontConduitSelector.java:77)
	at org.apache.cxf.endpoint.ClientImpl.getConduit(ClientImpl.java:857)
	at se.su.it.itslearning.integration.wsclient.util.CxfClient.configureConduit(CxfClient.java:59)
	at se.su.it.itslearning.integration.wsclient.util.CxfClient.configure(CxfClient.java:43)
	at se.su.it.itslearning.integration.wsclient.util.CxfClient.getExtendedPersonManagementServiceSync(CxfClient.java:54)
	at se.su.it.itslearning.integration.wsclient.PersonproxyTest.testReadAllPersons(PersonproxyTest.java:72)
</error>
    <system-err>aug 28, 2017 11:33:10 FM org.apache.cxf.wsdl.service.factory.ReflectionServiceFactoryBean buildServiceFromWSDL
INFO: Creating Service {http://www.imsglobal.org/services/pms/wsdl/imsPersonManAbstractSync_v1p0}ExtendedPersonManagementServiceSync from WSDL: file:/Users/lhagr/IdeaProjects/itslearning/wsproxy/personproxy/src/main/resources/ExtendedPersonManagementServiceSync.xml
</system-err>
  </testcase>
  <testcase classname="se.su.it.itslearning.integration.wsclient.PersonproxyTest" name="testX" time="0.03">
    <error message="None of the policy alternatives can be satisfied." type="org.apache.cxf.ws.policy.PolicyException">org.apache.cxf.ws.policy.PolicyException: None of the policy alternatives can be satisfied.
	at org.apache.cxf.ws.policy.EndpointPolicyImpl.chooseAlternative(EndpointPolicyImpl.java:172)
	at org.apache.cxf.ws.policy.EndpointPolicyImpl.finalizeConfig(EndpointPolicyImpl.java:146)
	at org.apache.cxf.ws.policy.EndpointPolicyImpl.initialize(EndpointPolicyImpl.java:142)
	at org.apache.cxf.ws.policy.PolicyEngineImpl.createEndpointPolicyInfo(PolicyEngineImpl.java:604)
	at org.apache.cxf.ws.policy.PolicyEngineImpl.getEndpointPolicy(PolicyEngineImpl.java:316)
	at org.apache.cxf.ws.policy.PolicyEngineImpl.getClientEndpointPolicy(PolicyEngineImpl.java:303)
	at org.apache.cxf.ws.policy.PolicyDataEngineImpl.getClientEndpointPolicy(PolicyDataEngineImpl.java:61)
	at org.apache.cxf.transport.http.HTTPConduit.updateClientPolicy(HTTPConduit.java:325)
	at org.apache.cxf.transport.http.HTTPConduit.updateClientPolicy(HTTPConduit.java:345)
	at org.apache.cxf.transport.http.HTTPConduit.getClient(HTTPConduit.java:880)
	at org.apache.cxf.transport.http.HTTPConduit.configureConduitFromEndpointInfo(HTTPConduit.java:367)
	at org.apache.cxf.transport.http.HTTPConduit.finalizeConfig(HTTPConduit.java:447)
	at org.apache.cxf.transport.http.HTTPTransportFactory.getConduit(HTTPTransportFactory.java:242)
	at org.apache.cxf.binding.soap.SoapTransportFactory.getConduit(SoapTransportFactory.java:226)
	at org.apache.cxf.binding.soap.SoapTransportFactory.getConduit(SoapTransportFactory.java:233)
	at org.apache.cxf.endpoint.AbstractConduitSelector.createConduit(AbstractConduitSelector.java:145)
	at org.apache.cxf.endpoint.AbstractConduitSelector.getSelectedConduit(AbstractConduitSelector.java:107)
	at org.apache.cxf.endpoint.UpfrontConduitSelector.selectConduit(UpfrontConduitSelector.java:77)
	at org.apache.cxf.endpoint.ClientImpl.getConduit(ClientImpl.java:857)
	at se.su.it.itslearning.integration.wsclient.util.CxfClient.configureConduit(CxfClient.java:59)
	at se.su.it.itslearning.integration.wsclient.util.CxfClient.configure(CxfClient.java:43)
	at se.su.it.itslearning.integration.wsclient.util.CxfClient.getPersonManagementServiceSync(CxfClient.java:32)
	at se.su.it.itslearning.integration.wsclient.PersonproxyTest.testX(PersonproxyTest.java:24)
</error>
    <system-err>aug 28, 2017 11:33:10 FM org.apache.cxf.wsdl.service.factory.ReflectionServiceFactoryBean buildServiceFromWSDL
INFO: Creating Service {http://www.imsglobal.org/services/pms/wsdl/imsPersonManAbstractSync_v1p0}PersonManagementServiceSync from WSDL: file:/Users/lhagr/IdeaProjects/itslearning/wsproxy/personproxy/src/main/resources/PersonManagementServiceSync.svc.xml
</system-err>
  </testcase>
</testsuite>